{"name": "test_logo_base_page_negative", "status": "failed", "statusDetails": {"message": "AssertionError: assert 'Swag Labs' == ''\n  + Swag Labs", "trace": "self = <test_base_page.TestBasePage object at 0x10ede45d0>, get_website_base = <selenium.webdriver.chrome.webdriver.WebDriver (session=\"24c3952ff7f00728a20d460fbcc3445a\")>\n\n    @allure.story(\"not valid\")\n    def test_logo_base_page_negative(self, get_website_base):\n>       assert BP(get_website_base).logo_base_page().text == \"\"\nE       AssertionError: assert 'Swag Labs' == ''\nE         + Swag Labs\n\nfinaly_project/tests/test_base_page.py:21: AssertionError"}, "start": 1681756064750, "stop": 1681756064777, "uuid": "feed20b9-685a-4ebe-a763-9921d0fbb1e6", "historyId": "9f7941706b365dafc2dca42c73c59761", "testCaseId": "9c61b109e4a224d778c7726f901cdd77", "fullName": "finaly_project.tests.test_base_page.TestBasePage#test_logo_base_page_negative", "labels": [{"name": "story", "value": "not valid"}, {"name": "parentSuite", "value": "finaly_project.tests"}, {"name": "suite", "value": "test_base_page"}, {"name": "subSuite", "value": "TestBasePage"}, {"name": "host", "value": "maksim"}, {"name": "thread", "value": "51912-MainThread"}, {"name": "framework", "value": "pytest"}, {"name": "language", "value": "cpython3"}, {"name": "package", "value": "finaly_project.tests.test_base_page"}]}