{"name": "test_logo_base_page_negative", "status": "failed", "statusDetails": {"message": "AssertionError: assert 'Swag Labs' == ''\n  + Swag Labs", "trace": "self = <test_base_page.TestBasePage object at 0x10c863510>, get_website_base = <selenium.webdriver.chrome.webdriver.WebDriver (session=\"40cbe2bca3fe45c41f7501e7cd1c20af\")>\n\n    @allure.story(\"not valid\")\n    def test_logo_base_page_negative(self, get_website_base):\n>       assert BP(get_website_base).logo_base_page().text == \"\"\nE       AssertionError: assert 'Swag Labs' == ''\nE         + Swag Labs\n\nfinaly_project/tests/test_base_page.py:21: AssertionError"}, "start": 1681755717188, "stop": 1681755717213, "uuid": "3bba4ea6-69c7-4ef1-a5f4-d4a3e5a531b3", "historyId": "9f7941706b365dafc2dca42c73c59761", "testCaseId": "9c61b109e4a224d778c7726f901cdd77", "fullName": "finaly_project.tests.test_base_page.TestBasePage#test_logo_base_page_negative", "labels": [{"name": "story", "value": "not valid"}, {"name": "parentSuite", "value": "finaly_project.tests"}, {"name": "suite", "value": "test_base_page"}, {"name": "subSuite", "value": "TestBasePage"}, {"name": "host", "value": "maksim"}, {"name": "thread", "value": "51301-MainThread"}, {"name": "framework", "value": "pytest"}, {"name": "language", "value": "cpython3"}, {"name": "package", "value": "finaly_project.tests.test_base_page"}]}