{"name": "test_logo_base_page_negative", "status": "failed", "statusDetails": {"message": "AssertionError: assert 'Swag Labs' == ''\n  + Swag Labs", "trace": "self = <test_base_page.TestBasePage object at 0x107b0fe10>, get_website_base = <selenium.webdriver.chrome.webdriver.WebDriver (session=\"578dda8e779f6e838f3fecb288ab8f5e\")>\n\n    @allure.story(\"not valid\")\n    def test_logo_base_page_negative(self, get_website_base):\n>       assert BP(get_website_base).logo_base_page().text == \"\"\nE       AssertionError: assert 'Swag Labs' == ''\nE         + Swag Labs\n\nfinaly_project/tests/test_base_page.py:21: AssertionError"}, "start": 1681756329035, "stop": 1681756329063, "uuid": "bb7bb1b7-02af-4f4e-9ce8-cfc0fda4380e", "historyId": "9f7941706b365dafc2dca42c73c59761", "testCaseId": "9c61b109e4a224d778c7726f901cdd77", "fullName": "finaly_project.tests.test_base_page.TestBasePage#test_logo_base_page_negative", "labels": [{"name": "story", "value": "not valid"}, {"name": "parentSuite", "value": "finaly_project.tests"}, {"name": "suite", "value": "test_base_page"}, {"name": "subSuite", "value": "TestBasePage"}, {"name": "host", "value": "maksim"}, {"name": "thread", "value": "53278-MainThread"}, {"name": "framework", "value": "pytest"}, {"name": "language", "value": "cpython3"}, {"name": "package", "value": "finaly_project.tests.test_base_page"}]}